  Source.cpp
C:\Users\book\source\repos\MAtvi2\MAtvi2\Source.cpp(27,22): warning C4305: 'inicializando': truncamiento de 'double' a 'float'
C:\Users\book\source\repos\MAtvi2\MAtvi2\Source.cpp(134,1): warning C4326: el tipo de valor devuelto de 'main' debe ser 'int' en lugar de 'void'
C:\Users\book\source\repos\MAtvi2\MAtvi2\Source.cpp(344,49): warning C4244: '=': conversión de 'int' a 'float'; posible pérdida de datos
C:\Users\book\source\repos\MAtvi2\MAtvi2\Source.cpp(345,49): warning C4244: '=': conversión de 'int' a 'float'; posible pérdida de datos
C:\Users\book\source\repos\MAtvi2\MAtvi2\Source.cpp(346,49): warning C4244: '=': conversión de 'int' a 'float'; posible pérdida de datos
C:\Users\book\source\repos\MAtvi2\MAtvi2\Source.cpp(368,47): warning C4244: '=': conversión de 'int' a 'float'; posible pérdida de datos
C:\Users\book\source\repos\MAtvi2\MAtvi2\Source.cpp(403,49): warning C4244: '=': conversión de 'int' a 'float'; posible pérdida de datos
C:\Users\book\source\repos\MAtvi2\MAtvi2\Source.cpp(404,49): warning C4244: '=': conversión de 'int' a 'float'; posible pérdida de datos
C:\Users\book\source\repos\MAtvi2\MAtvi2\Source.cpp(405,49): warning C4244: '=': conversión de 'int' a 'float'; posible pérdida de datos
C:\Users\book\source\repos\MAtvi2\MAtvi2\Source.cpp(425,34): warning C4553: "==": el resultado de la expresión no se usa. ¿Quiso decir "="?
C:\Users\book\source\repos\MAtvi2\MAtvi2\Source.cpp(459,64): warning C4244: 'argumento': conversión de 'float' a 'int'; posible pérdida de datos
C:\Users\book\source\repos\MAtvi2\MAtvi2\Source.cpp(513,40): warning C4244: '=': conversión de 'int' a 'float'; posible pérdida de datos
C:\Users\book\source\repos\MAtvi2\MAtvi2\Source.cpp(520,40): warning C4244: '=': conversión de 'int' a 'float'; posible pérdida de datos
C:\Users\book\source\repos\MAtvi2\MAtvi2\Source.cpp(527,40): warning C4244: '=': conversión de 'int' a 'float'; posible pérdida de datos
C:\Users\book\source\repos\MAtvi2\MAtvi2\Source.cpp(578,39): warning C4244: '=': conversión de 'int' a 'float'; posible pérdida de datos
C:\Users\book\source\repos\MAtvi2\MAtvi2\Source.cpp(599,39): warning C4244: '=': conversión de 'int' a 'float'; posible pérdida de datos
C:\Users\book\source\repos\MAtvi2\MAtvi2\Source.cpp(607,39): warning C4244: '=': conversión de 'int' a 'float'; posible pérdida de datos
C:\Users\book\source\repos\MAtvi2\MAtvi2\Source.cpp(615,39): warning C4244: '=': conversión de 'int' a 'float'; posible pérdida de datos
C:\Users\book\source\repos\MAtvi2\MAtvi2\Source.cpp(1024,29): warning C4244: '=': conversión de 'double' a 'float'; posible pérdida de datos
C:\Users\book\source\repos\MAtvi2\MAtvi2\Source.cpp(1027,28): warning C4244: '=': conversión de 'double' a 'float'; posible pérdida de datos
C:\Users\book\source\repos\MAtvi2\MAtvi2\Source.cpp(1028,28): warning C4244: '=': conversión de 'double' a 'float'; posible pérdida de datos
C:\Users\book\source\repos\MAtvi2\MAtvi2\Source.cpp(1031,30): warning C4244: '=': conversión de 'double' a 'float'; posible pérdida de datos
C:\Users\book\source\repos\MAtvi2\MAtvi2\Source.cpp(1032,39): warning C4244: '=': conversión de 'double' a 'float'; posible pérdida de datos
C:\Users\book\source\repos\MAtvi2\MAtvi2\Source.cpp(1040,32): warning C4244: '=': conversión de 'double' a 'float'; posible pérdida de datos
C:\Users\book\source\repos\MAtvi2\MAtvi2\Source.cpp(1044,45): warning C4244: '=': conversión de 'double' a 'float'; posible pérdida de datos
C:\Users\book\source\repos\MAtvi2\MAtvi2\Source.cpp(1074,29): warning C4244: '=': conversión de 'double' a 'float'; posible pérdida de datos
C:\Users\book\source\repos\MAtvi2\MAtvi2\Source.cpp(1077,30): warning C4244: '=': conversión de 'double' a 'float'; posible pérdida de datos
C:\Users\book\source\repos\MAtvi2\MAtvi2\Source.cpp(1078,41): warning C4244: '=': conversión de 'double' a 'float'; posible pérdida de datos
C:\Users\book\source\repos\MAtvi2\MAtvi2\Source.cpp(1083,28): warning C4244: '=': conversión de 'double' a 'float'; posible pérdida de datos
C:\Users\book\source\repos\MAtvi2\MAtvi2\Source.cpp(1084,28): warning C4244: '=': conversión de 'double' a 'float'; posible pérdida de datos
C:\Users\book\source\repos\MAtvi2\MAtvi2\Source.cpp(1092,45): warning C4244: '=': conversión de 'double' a 'float'; posible pérdida de datos
C:\Users\book\source\repos\MAtvi2\MAtvi2\Source.cpp(1097,32): warning C4244: '=': conversión de 'double' a 'float'; posible pérdida de datos
C:\Users\book\source\repos\MAtvi2\MAtvi2\Source.cpp(1133,29): warning C4244: '=': conversión de 'double' a 'float'; posible pérdida de datos
C:\Users\book\source\repos\MAtvi2\MAtvi2\Source.cpp(1136,28): warning C4244: '=': conversión de 'double' a 'float'; posible pérdida de datos
C:\Users\book\source\repos\MAtvi2\MAtvi2\Source.cpp(1137,28): warning C4244: '=': conversión de 'double' a 'float'; posible pérdida de datos
C:\Users\book\source\repos\MAtvi2\MAtvi2\Source.cpp(1142,30): warning C4244: '=': conversión de 'double' a 'float'; posible pérdida de datos
C:\Users\book\source\repos\MAtvi2\MAtvi2\Source.cpp(1143,41): warning C4244: '=': conversión de 'double' a 'float'; posible pérdida de datos
C:\Users\book\source\repos\MAtvi2\MAtvi2\Source.cpp(1151,32): warning C4244: '=': conversión de 'double' a 'float'; posible pérdida de datos
C:\Users\book\source\repos\MAtvi2\MAtvi2\Source.cpp(1157,45): warning C4244: '=': conversión de 'double' a 'float'; posible pérdida de datos
C:\Users\book\source\repos\MAtvi2\MAtvi2\Source.cpp(1186,29): warning C4244: '=': conversión de 'double' a 'float'; posible pérdida de datos
C:\Users\book\source\repos\MAtvi2\MAtvi2\Source.cpp(1189,28): warning C4244: '=': conversión de 'double' a 'float'; posible pérdida de datos
C:\Users\book\source\repos\MAtvi2\MAtvi2\Source.cpp(1190,28): warning C4244: '=': conversión de 'double' a 'float'; posible pérdida de datos
C:\Users\book\source\repos\MAtvi2\MAtvi2\Source.cpp(1195,30): warning C4244: '=': conversión de 'double' a 'float'; posible pérdida de datos
C:\Users\book\source\repos\MAtvi2\MAtvi2\Source.cpp(1196,41): warning C4244: '=': conversión de 'double' a 'float'; posible pérdida de datos
C:\Users\book\source\repos\MAtvi2\MAtvi2\Source.cpp(1206,45): warning C4244: '=': conversión de 'double' a 'float'; posible pérdida de datos
C:\Users\book\source\repos\MAtvi2\MAtvi2\Source.cpp(1212,32): warning C4244: '=': conversión de 'double' a 'float'; posible pérdida de datos
C:\Users\book\source\repos\MAtvi2\MAtvi2\Source.cpp(1255,14): warning C4244: '=': conversión de 'int' a 'float'; posible pérdida de datos
C:\Users\book\source\repos\MAtvi2\MAtvi2\Source.cpp(1311,16): warning C4244: '=': conversión de 'int' a 'float'; posible pérdida de datos
C:\Users\book\source\repos\MAtvi2\MAtvi2\Source.cpp(1312,16): warning C4244: '=': conversión de 'int' a 'float'; posible pérdida de datos
C:\Users\book\source\repos\MAtvi2\MAtvi2\Source.cpp(1336,96): warning C4244: '=': conversión de 'double' a 'float'; posible pérdida de datos
C:\Users\book\source\repos\MAtvi2\MAtvi2\Source.cpp(1506,34): warning C4244: '=': conversión de 'int' a 'float'; posible pérdida de datos
C:\Users\book\source\repos\MAtvi2\MAtvi2\Source.cpp(1748,20): warning C4244: '=': conversión de 'double' a 'float'; posible pérdida de datos
  MAtvi2.vcxproj -> C:\Users\book\source\repos\MAtvi2\Debug\MAtvi2.exe
